<?xml version="1.0" encoding="UTF-8"?>
<!-- Generated by org.testng.reporters.JUnitXMLReporter -->
<testsuite hostname="LAPTOP-ED9GMH4F" ignored="0" name="Default test" tests="3" failures="0" timestamp="15 Nov 2020 05:42:58 GMT" time="16.23" errors="0">
  <testcase name="tc1" time="0.57" classname="com.TestRunner.TestRunner"/>
  <testcase name="tc2" time="0.207" classname="com.TestRunner.TestRunner"/>
  <testcase name="tc3" time="3.46" classname="com.TestRunner.TestRunner"/>
</testsuite> <!-- Default test -->
